[13:18:38] [main/INFO]: Loading Minecraft 1.21.1 with Fabric Loader 0.18.1
[13:18:39] [main/INFO]: Loading 151 mods:
	- accessories 1.1.0-beta.52+1.21.1
	- appleskin 3.0.6+mc1.21
	- architectury 13.0.8
	- automodpack 4.0.1
	   \-- automodpack_mod 4.0.1
	        \-- fabric-registry-sync-v0 5.3.1+e3eddc2119
	- bettercaves 1.21.1-Fabric-3.1.4
	   \-- org_reflections_reflections 0.10.2
	- betterdeserttemples 1.21.1-Fabric-4.1.5
	   \-- org_reflections_reflections 0.10.2
	- betterdungeons 1.21.1-Fabric-5.1.4
	   \-- org_reflections_reflections 0.10.2
	- betterfortresses 1.21.1-Fabric-3.1.5
	   \-- org_reflections_reflections 0.10.2
	- betterjungletemples 1.21.1-Fabric-3.1.2
	   \-- org_reflections_reflections 0.10.2
	- bettermineshafts 1.21.1-Fabric-5.1.1
	   \-- org_reflections_reflections 0.10.2
	- betteroceanmonuments 1.21.1-Fabric-4.1.2
	   \-- org_reflections_reflections 0.10.2
	- betterstrongholds 1.21.1-Fabric-5.1.3
	   \-- org_reflections_reflections 0.10.2
	- betterwitchhuts 1.21.1-Fabric-4.1.1
	   \-- org_reflections_reflections 0.10.2
	- cloth-config 15.0.140
	   \-- cloth-basic-math 0.6.1
	- clumps 19.0.0.1
	- cobblemon 1.7.0+1.21.1
	   \-- fabric-language-kotlin 1.13.6+kotlin.2.2.20
	        |-- org_jetbrains_kotlin_kotlin-reflect 2.2.20
	        |-- org_jetbrains_kotlin_kotlin-stdlib 2.2.20
	        |-- org_jetbrains_kotlin_kotlin-stdlib-jdk7 2.2.20
	        |-- org_jetbrains_kotlin_kotlin-stdlib-jdk8 2.2.20
	        |-- org_jetbrains_kotlinx_atomicfu-jvm 0.29.0
	        |-- org_jetbrains_kotlinx_kotlinx-coroutines-core-jvm 1.10.2
	        |-- org_jetbrains_kotlinx_kotlinx-coroutines-jdk8 1.10.2
	        |-- org_jetbrains_kotlinx_kotlinx-datetime-jvm 0.7.1
	        |-- org_jetbrains_kotlinx_kotlinx-io-bytestring-jvm 0.8.0
	        |-- org_jetbrains_kotlinx_kotlinx-io-core-jvm 0.8.0
	        |-- org_jetbrains_kotlinx_kotlinx-serialization-cbor-jvm 1.9.0
	        |-- org_jetbrains_kotlinx_kotlinx-serialization-core-jvm 1.9.0
	        \-- org_jetbrains_kotlinx_kotlinx-serialization-json-jvm 1.9.0
	- cobblemon-additions 4.0.1
	- diagonalfences 21.1.1
	- diagonalwalls 21.1.2
	   \-- diagonalblocks 21.1.2
	- diagonalwindows 21.1.1
	- distanthorizons 2.3.6-b
	   |-- fabric-api-base 0.4.42+6573ed8c19
	   |-- fabric-command-api-v2 2.2.28+6ced4dd919
	   |-- fabric-events-interaction-v0 0.7.13+ba9dae0619
	   |-- fabric-key-binding-api-v1 1.0.47+0af3f5a719
	   |-- fabric-networking-api-v1 4.3.0+c7469b2119
	   |-- fabric-rendering-v1 5.0.5+df16efd019
	   |-- fabric-resource-loader-v0 1.3.1+5b5275af19
	   \-- fabric-screen-api-v1 2.0.25+8b68f1c719
	- durabilitytooltip 1.1.6
	- easyanvils 21.1.0
	- easymagic 21.1.4
	- entityculling 1.9.3
	   |-- transition 1.0.8
	   \-- trender 1.0.8
	- fabric-api 0.116.7+1.21.1
	   |-- fabric-api-lookup-api-v1 1.6.71+b559734419
	   |-- fabric-biome-api-v1 13.0.31+d527f9fd19
	   |-- fabric-block-api-v1 1.1.0+0bc3503219
	   |-- fabric-block-view-api-v2 1.0.11+ebb2264e19
	   |-- fabric-blockrenderlayer-v1 1.1.52+0af3f5a719
	   |-- fabric-client-tags-api-v1 1.1.15+6573ed8c19
	   |-- fabric-command-api-v1 1.2.49+f71b366f19
	   |-- fabric-commands-v0 0.2.66+df3654b319
	   |-- fabric-content-registries-v0 8.0.19+b559734419
	   |-- fabric-convention-tags-v1 2.1.5+7f945d5b19
	   |-- fabric-convention-tags-v2 2.11.1+a406e79519
	   |-- fabric-crash-report-info-v1 0.2.29+0af3f5a719
	   |-- fabric-data-attachment-api-v1 1.4.5+6116a37819
	   |-- fabric-data-generation-api-v1 20.2.34+37516cd619
	   |-- fabric-dimensions-v1 4.0.1+65213ef819
	   |-- fabric-entity-events-v1 1.8.0+2b27e0a419
	   |-- fabric-game-rule-api-v1 1.0.53+6ced4dd919
	   |-- fabric-item-api-v1 11.2.0+3b3cb2e819
	   |-- fabric-item-group-api-v1 4.1.7+def88e3a19
	   |-- fabric-key-binding-api-v1 1.0.47+0af3f5a719
	   |-- fabric-keybindings-v0 0.2.45+df3654b319
	   |-- fabric-lifecycle-events-v1 2.6.0+0865547519
	   |-- fabric-loot-api-v2 3.0.15+3f89f5a519
	   |-- fabric-loot-api-v3 1.0.3+3f89f5a519
	   |-- fabric-message-api-v1 6.0.14+8aaf3aca19
	   |-- fabric-model-loading-api-v1 2.1.0+b4d813fc19
	   |-- fabric-object-builder-api-v1 15.2.1+40875a9319
	   |-- fabric-particles-v1 4.0.2+6573ed8c19
	   |-- fabric-recipe-api-v1 5.0.15+2475392c19
	   |-- fabric-registry-sync-v0 5.3.1+e3eddc2119
	   |-- fabric-renderer-api-v1 3.4.1+b4d813fc19
	   |-- fabric-renderer-indigo 1.7.1+c705a49c19
	   |-- fabric-renderer-registries-v1 3.2.69+df3654b319
	   |-- fabric-rendering-data-attachment-v1 0.3.49+73761d2e19
	   |-- fabric-rendering-fluids-v1 3.1.6+1daea21519
	   |-- fabric-rendering-v0 1.1.72+df3654b319
	   |-- fabric-rendering-v1 5.1.0+ab4c25a019
	   |-- fabric-resource-conditions-api-v1 4.3.0+8dc279b119
	   |-- fabric-screen-api-v1 2.0.25+8b68f1c719
	   |-- fabric-screen-handler-api-v1 1.3.90+b559734419
	   |-- fabric-sound-api-v1 1.0.23+6573ed8c19
	   |-- fabric-transfer-api-v1 5.4.3+c24bd99419
	   \-- fabric-transitive-access-wideners-v1 6.2.0+45b9699719
	- fabricloader 0.18.1
	   \-- mixinextras 0.5.0
	- ferritecore 7.0.2-hotfix
	- forgeconfigapiport 21.1.6
	   |-- com_electronwill_night-config_core 3.8.0
	   \-- com_electronwill_night-config_toml 3.8.0
	- geckolib 4.8.2
	- java 21
	- krypton 0.2.8
	   \-- com_velocitypowered_velocity-native 3.3.0-SNAPSHOT
	- leavesbegone 21.1.0
	- lithium 0.15.1+mc1.21.1
	- lootr 1.21-1.10.35.91
	- mega_showdown 1.2+1.7+1.21.1
	- minecraft 1.21.1
	- modernfix 5.25.1+mc1.21.1
	- moonlight 1.21-2.26.5
	- notenoughanimations 1.10.6
	   \-- trender 1.0.8
	- nullscape 1.2.14
	- owo 0.12.15.4+1.21
	   |-- blue_endless_jankson 1.2.2
	   |-- io_wispforest_endec 0.1.5.1
	   |-- io_wispforest_endec_gson 0.1.3.1
	   |-- io_wispforest_endec_jankson 0.1.3.1
	   \-- io_wispforest_endec_netty 0.1.2
	- puzzleslib 21.1.39
	- roughlyenoughitems 16.0.799
	   \-- error_notifier 1.0.11
	- silk-all 1.10.7
	   |-- silk-commands 1.10.7
	   |-- silk-core 1.10.7
	   |-- silk-game 1.10.7
	   |-- silk-igui 1.10.7
	   |-- silk-nbt 1.10.7
	   |-- silk-network 1.10.7
	   \-- silk-persistence 1.10.7
	- sophisticatedbackpacks 1.21.1-3.23.4.3.106
	- sophisticatedcore 1.21.1-1.2.9.20.164
	   |-- porting_lib_conditions 3.1.0-beta.47+1.21.1
	   |-- porting_lib_core 3.1.0-beta.47+1.21.1
	   |-- porting_lib_fluids 3.1.0-beta.47+1.21.1
	   |-- porting_lib_item_abilities 3.1.0-beta.47+1.21.1
	   |-- porting_lib_lazy_registration 3.1.0-beta.47+1.21.1
	   |-- porting_lib_level_events 3.1.0-beta.47+1.21.1
	   |-- porting_lib_loot 3.1.0-beta.47+1.21.1
	   |-- porting_lib_model_loader 3.1.0-beta.47+1.21.1
	   |-- porting_lib_render_types 3.1.0-beta.47+1.21.1
	   |-- porting_lib_transfer 3.1.0-beta.47+1.21.1
	   \-- team_reborn_energy 4.1.0
	- sophisticatedstorage 1.21.1-1.3.7.8.135
	- sound_physics_remastered 1.21.1-1.4.10
	- stoneworks 21.1.0
	- supermartijn642configlib 1.1.8
	- terrablender 4.1.0.8
	- terralith 2.5.8
	- tradingpost 21.1.1
	- trinkets 3.10.0
	   |-- cardinal-components-base 6.1.0
	   \-- cardinal-components-entity 6.1.0
	- veinminer 2.4.2
	   |-- de_miraculixx_core_dev 2.4.2
	   \-- fabric-permissions-api-v0 0.3.1
	- veinminer-enchantment 2.5.0
	- visualworkbench 21.1.1
	- xaerominimap 25.2.10
	- xaeroworldmap 1.39.12
	- yungsapi 1.21.1-Fabric-5.1.6
	   |-- org_javassist_javassist 3.29.2-GA
	   \-- org_reflections_reflections 0.10.2
	- yungscavebiomes 1.21.1-Fabric-3.1.1
	   \-- org_reflections_reflections 0.10.2
[13:18:39] [main/INFO]: Prelaunching AutoModpack...
[13:18:39] [main/INFO]: Loaded config! took 24ms
[13:18:39] [main/INFO]: AutoModpack self-updater is disabled in server config.
[13:18:39] [main/INFO]: AutoModpack prelaunched! took 56ms
[13:18:39] [main/INFO]: SpongePowered MIXIN Subsystem Version=0.8.7 Source=file:/home/rjsmc/minecraft/CobblemonServer/libraries/net/fabricmc/sponge-mixin/0.16.5+mixin.0.8.7/sponge-mixin-0.16.5+mixin.0.8.7.jar Service=Knot/Fabric Env=SERVER
[13:18:39] [main/INFO]: Compatibility level set to JAVA_17
[13:18:39] [main/INFO]: Compatibility level set to JAVA_21
[13:18:39] [main/WARN]: Reference map 'diagonalfences.common.refmap.json' for diagonalfences.common.mixins.json could not be read. If this is a development environment you can ignore this message
[13:18:39] [main/WARN]: Reference map 'diagonalfences.fabric.refmap.json' for diagonalfences.fabric.mixins.json could not be read. If this is a development environment you can ignore this message
[13:18:39] [main/WARN]: Reference map 'diagonalwalls.common.refmap.json' for diagonalwalls.common.mixins.json could not be read. If this is a development environment you can ignore this message
[13:18:39] [main/WARN]: Reference map 'diagonalwalls.fabric.refmap.json' for diagonalwalls.fabric.mixins.json could not be read. If this is a development environment you can ignore this message
[13:18:39] [main/WARN]: Reference map 'diagonalwindows.common.refmap.json' for diagonalwindows.common.mixins.json could not be read. If this is a development environment you can ignore this message
[13:18:39] [main/WARN]: Reference map 'diagonalwindows.fabric.refmap.json' for diagonalwindows.fabric.mixins.json could not be read. If this is a development environment you can ignore this message
[13:18:39] [main/WARN]: Reference map 'durabilitytooltip.mixins.refmap.json' for durabilitytooltip.mixins.json could not be read. If this is a development environment you can ignore this message
[13:18:39] [main/WARN]: Reference map 'forgeconfigapiport.common.refmap.json' for forgeconfigapiport.common.mixins.json could not be read. If this is a development environment you can ignore this message
[13:18:39] [main/WARN]: Reference map 'leavesbegone.fabric.refmap.json' for leavesbegone.fabric.mixins.json could not be read. If this is a development environment you can ignore this message
[13:18:39] [main/WARN]: Mod 'ferritecore' attempted to override option 'mixin.alloc.blockstate', which doesn't exist, ignoring
[13:18:39] [main/INFO]: Option 'mixin.entity.collisions.fluid' requires 'mixin.util.block_tracking=true' but found 'false'. Setting 'mixin.entity.collisions.fluid=false'.
[13:18:39] [main/INFO]: Option 'mixin.experimental.entity.block_caching.block_support' requires 'mixin.util.block_tracking=true' but found 'false'. Setting 'mixin.experimental.entity.block_caching.block_support=false'.
[13:18:39] [main/INFO]: Option 'mixin.experimental.entity.block_caching.fluid_pushing' requires 'mixin.util.block_tracking=true' but found 'false'. Setting 'mixin.experimental.entity.block_caching.fluid_pushing=false'.
[13:18:39] [main/INFO]: Option 'mixin.experimental.entity.block_caching.block_touching' requires 'mixin.util.block_tracking=true' but found 'false'. Setting 'mixin.experimental.entity.block_caching.block_touching=false'.
[13:18:39] [main/INFO]: Option 'mixin.experimental.entity.block_caching.suffocation' requires 'mixin.util.block_tracking=true' but found 'false'. Setting 'mixin.experimental.entity.block_caching.suffocation=false'.
[13:18:39] [main/INFO]: Option 'mixin.experimental.entity.block_caching' requires 'mixin.util.block_tracking=true' but found 'false'. Setting 'mixin.experimental.entity.block_caching=false'.
[13:18:39] [main/INFO]: Loaded configuration file for Lithium: 149 options available, 0 override(s) found
[13:18:39] [main/INFO]: Loaded configuration file for ModernFix 5.25.1+mc1.21.1: 65 options available, 0 override(s) found
[13:18:39] [main/INFO]: Applying Nashorn fix
[13:18:39] [main/WARN]: Reference map 'stoneworks.common.refmap.json' for stoneworks.common.mixins.json could not be read. If this is a development environment you can ignore this message
[13:18:39] [main/WARN]: Reference map 'stoneworks.fabric.refmap.json' for stoneworks.fabric.mixins.json could not be read. If this is a development environment you can ignore this message
[13:18:39] [main/WARN]: Reference map 'supermartijn642configlib.mixins.refmap.json' for supermartijn642configlib.mixins.json could not be read. If this is a development environment you can ignore this message
[13:18:39] [main/WARN]: Reference map 'tradingpost.fabric.refmap.json' for tradingpost.fabric.mixins.json could not be read. If this is a development environment you can ignore this message
[13:18:39] [main/WARN]: Reference map 'visualworkbench.fabric.refmap.json' for visualworkbench.fabric.mixins.json could not be read. If this is a development environment you can ignore this message
[13:18:39] [main/WARN]: Error loading class: net/minecraft/class_906 (java.lang.ClassNotFoundException: net/minecraft/class_906)
[13:18:39] [main/WARN]: @Mixin target net.minecraft.class_906 was not found porting_lib_item_abilities.mixins.json:FishingHookRendererMixin from mod porting_lib_item_abilities
[13:18:39] [main/WARN]: Error loading class: net/minecraft/class_4224 (java.lang.ClassNotFoundException: net/minecraft/class_4224)
[13:18:39] [main/WARN]: @Mixin target net.minecraft.class_4224 was not found mixins.cobblemon-common.json:ChannelMixin from mod cobblemon
[13:18:39] [main/WARN]: Error loading class: juuxel/adorn/block/variant/BlockVariantSets (java.lang.ClassNotFoundException: juuxel/adorn/block/variant/BlockVariantSets)
[13:18:39] [main/WARN]: @Mixin target juuxel.adorn.block.variant.BlockVariantSets was not found mixins.cobblemon-common.json:invoker.AdornRegisterInvoker from mod cobblemon
[13:18:39] [main/WARN]: Error loading class: net/minecraft/class_1140 (java.lang.ClassNotFoundException: net/minecraft/class_1140)
[13:18:39] [main/WARN]: @Mixin target net.minecraft.class_1140 was not found mixins.cobblemon-fabric.json:FabricSoundEngineMixin from mod cobblemon
[13:18:40] [main/WARN]: Error loading class: com/electronwill/nightconfig/core/io/IoUtils (java.lang.ClassNotFoundException: com/electronwill/nightconfig/core/io/IoUtils)
[13:18:40] [main/WARN]: Error loading class: net/minecraft/class_525 (java.lang.ClassNotFoundException: net/minecraft/class_525)
[13:18:40] [main/WARN]: @Mixin target net.minecraft.class_525 was not found moonlight.mixins.json:CreateWorldScreenMixin from mod moonlight
[13:18:40] [main/WARN]: Error loading class: net/minecraft/class_287 (java.lang.ClassNotFoundException: net/minecraft/class_287)
[13:18:40] [main/WARN]: @Mixin target net.minecraft.class_287 was not found owo.mixins.json:BufferBuilderAccessor from mod owo
[13:18:40] [main/WARN]: Error loading class: net/minecraft/class_437 (java.lang.ClassNotFoundException: net/minecraft/class_437)
[13:18:40] [main/WARN]: @Mixin target net.minecraft.class_437 was not found owo.mixins.json:ScreenAccessor from mod owo
[13:18:40] [main/WARN]: Error loading class: xyz/nucleoid/server/translations/impl/language/SystemDelegatedLanguage (java.lang.ClassNotFoundException: xyz/nucleoid/server/translations/impl/language/SystemDelegatedLanguage)
[13:18:40] [main/WARN]: Error loading class: net/minecraft/class_638 (java.lang.ClassNotFoundException: net/minecraft/class_638)
[13:18:40] [main/WARN]: @Mixin target net.minecraft.class_638 was not found porting_lib_level_events.mixins.json:client.ClientLevelMixin from mod porting_lib_level_events
[13:18:40] [main/INFO]: Initializing MixinExtras via com.llamalad7.mixinextras.service.MixinExtrasServiceImpl(version=0.5.0).
[13:18:42] [main/WARN]: Method overwrite conflict for method_21740 in modernfix-common.mixins.json:perf.remove_biome_temperature_cache.BiomeMixin from mod modernfix, previously written by net.caffeinemc.mods.lithium.mixin.world.temperature_cache.BiomeMixin. Skipping method.
[13:18:44] [main/INFO]: Vanilla bootstrap took 3767 milliseconds
[13:18:45] [main/INFO]: Registering Listeners!
[13:18:45] [main/INFO]: Launching AutoModpack...
[13:18:45] [main/INFO]: Generating modpack...
[13:18:45] [main/INFO]: Syncing main...
[13:18:45] [AutoModpackCreation-4/INFO]: generated content for /mods/krypton-0.2.8.jar
[13:18:45] [AutoModpackCreation-7/INFO]: generated content for /mods/notenoughanimations-fabric-1.10.6-mc1.21.1.jar
[13:18:45] [AutoModpackCreation-6/INFO]: generated content for /mods/lootr-fabric-1.21-1.10.35.91.jar
[13:18:45] [AutoModpackCreation-8/INFO]: generated content for /mods/YungsBetterStrongholds-1.21.1-Fabric-5.1.3.jar
[13:18:45] [AutoModpackCreation-2/INFO]: generated content for /mods/PuzzlesLib-v21.1.39-1.21.1-Fabric.jar
[13:18:45] [AutoModpackCreation-13/INFO]: generated content for /mods/architectury-13.0.8-fabric.jar
[13:18:45] [AutoModpackCreation-5/INFO]: generated content for /mods/YungsBetterCaves-1.21.1-Fabric-3.1.4.jar
[13:18:45] [AutoModpackCreation-4/INFO]: generated content for /mods/veinminer-fabric-2.4.2.jar
[13:18:45] [AutoModpackCreation-12/INFO]: generated content for /mods/owo-lib-0.12.15.4+1.21.jar
[13:18:45] [AutoModpackCreation-2/INFO]: generated content for /mods/lithium-fabric-0.15.1+mc1.21.1.jar
[13:18:45] [AutoModpackCreation-6/INFO]: generated content for /mods/appleskin-fabric-mc1.21-3.0.6.jar
[13:18:45] [AutoModpackCreation-9/INFO]: generated content for /mods/YungsBetterMineshafts-1.21.1-Fabric-5.1.1.jar
[13:18:45] [AutoModpackCreation-11/INFO]: generated content for /mods/modmenu-11.0.3.jar
[13:18:45] [AutoModpackCreation-3/INFO]: generated content for /mods/lambdynamiclights-4.8.6+1.21.1.jar
[13:18:45] [AutoModpackCreation-12/INFO]: generated content for /mods/XaerosWorldMap_1.39.12_Fabric_1.21.jar
[13:18:45] [AutoModpackCreation-7/INFO]: generated content for /mods/Stoneworks-v21.1.0-1.21.1-Fabric.jar
[13:18:45] [AutoModpackCreation-5/INFO]: generated content for /mods/veinminer-enchant-2.3.0.jar
[13:18:45] [AutoModpackCreation-2/INFO]: generated content for /mods/entityculling-fabric-1.9.3-mc1.21.1.jar
[13:18:45] [AutoModpackCreation-11/INFO]: generated content for /mods/DiagonalWalls-v21.1.2-1.21.1-Fabric.jar
[13:18:45] [AutoModpackCreation-13/INFO]: generated content for /mods/geckolib-fabric-1.21.1-4.8.2.jar
[13:18:45] [AutoModpackCreation-3/INFO]: generated content for /mods/EasyMagic-v21.1.4-1.21.1-Fabric.jar
[13:18:45] [AutoModpackCreation-9/INFO]: generated content for /mods/cloth-config-15.0.140-fabric.jar
[13:18:45] [AutoModpackCreation-12/INFO]: generated content for /mods/YungsBetterNetherFortresses-1.21.1-Fabric-3.1.5.jar
[13:18:45] [AutoModpackCreation-9/INFO]: generated content for /mods/trinkets-3.10.0.jar
[13:18:45] [AutoModpackCreation-3/INFO]: generated content for /mods/silk-all-1.10.7.jar
[13:18:45] [AutoModpackCreation-7/INFO]: generated content for /mods/moonlight-1.21-2.26.5-fabric.jar
[13:18:45] [AutoModpackCreation-5/INFO]: generated content for /mods/sophisticatedbackpacks-1.21.1-3.23.4.3.106.jar
[13:18:45] [AutoModpackCreation-3/INFO]: generated content for /mods/LeavesBeGone-v21.1.0-1.21.1-Fabric.jar
[13:18:45] [AutoModpackCreation-2/INFO]: generated content for /mods/Xaeros_Minimap_25.2.10_Fabric_1.21.jar
[13:18:45] [AutoModpackCreation-2/INFO]: generated content for /mods/durabilitytooltip-1.1.6-fabric-mc1.21.jar
[13:18:45] [AutoModpackCreation-11/INFO]: generated content for /mods/RoughlyEnoughItems-16.0.799-fabric.jar
[13:18:45] [AutoModpackCreation-2/INFO]: generated content for /mods/TradingPost-v21.1.1-1.21.1-Fabric.jar
[13:18:45] [AutoModpackCreation-3/INFO]: generated content for /mods/YungsBetterDungeons-1.21.1-Fabric-5.1.4.jar
[13:18:45] [AutoModpackCreation-11/INFO]: generated content for /mods/Clumps-fabric-1.21.1-19.0.0.1.jar
[13:18:45] [AutoModpackCreation-9/INFO]: generated content for /mods/Terralith_1.21.x_v2.5.8.jar
[13:18:45] [AutoModpackCreation-11/INFO]: generated content for /mods/DiagonalWindows-v21.1.1-1.21.1-Fabric.jar
[13:18:45] [AutoModpackCreation-7/INFO]: generated content for /mods/fabric-api-0.116.7+1.21.1.jar
[13:18:45] [AutoModpackCreation-12/INFO]: generated content for /mods/iris-fabric-1.8.8+mc1.21.1.jar
[13:18:45] [AutoModpackCreation-10/INFO]: generated content for /mods/DiagonalFences-v21.1.1-1.21.1-Fabric.jar
[13:18:45] [AutoModpackCreation-7/INFO]: generated content for /mods/ferritecore-7.0.2-hotfix-fabric.jar
[13:18:45] [AutoModpackCreation-5/INFO]: generated content for /mods/accessories-fabric-1.1.0-beta.52+1.21.1.jar
[13:18:45] [AutoModpackCreation-9/INFO]: generated content for /mods/VisualWorkbench-v21.1.1-1.21.1-Fabric.jar
[13:18:45] [AutoModpackCreation-5/INFO]: generated content for /mods/YungsBetterWitchHuts-1.21.1-Fabric-4.1.1.jar
[13:18:45] [AutoModpackCreation-9/INFO]: generated content for /mods/supermartijn642configlib-1.1.8-fabric-mc1.21.jar
[13:18:45] [AutoModpackCreation-3/INFO]: generated content for /mods/sophisticatedstorage-1.21.1-1.3.7.8.135.jar
[13:18:45] [AutoModpackCreation-11/INFO]: generated content for /mods/ForgeConfigAPIPort-v21.1.6-1.21.1-Fabric.jar
[13:18:45] [AutoModpackCreation-10/INFO]: generated content for /mods/MouseTweaks-fabric-mc1.21-2.26.jar
[13:18:45] [AutoModpackCreation-12/INFO]: generated content for /mods/sodium-fabric-0.6.13+mc1.21.1.jar
[13:18:45] [AutoModpackCreation-12/INFO]: generated content for /mods/Nullscape_1.21.x_v1.2.14.jar
[13:18:45] [AutoModpackCreation-10/INFO]: generated content for /mods/modernfix-fabric-5.25.1+mc1.21.1.jar
[13:18:45] [AutoModpackCreation-5/INFO]: generated content for /mods/YungsBetterOceanMonuments-1.21.1-Fabric-4.1.2.jar
[13:18:45] [AutoModpackCreation-7/INFO]: generated content for /mods/sophisticatedcore-1.21.1-1.2.9.20.164.jar
[13:18:45] [AutoModpackCreation-10/INFO]: generated content for /mods/YungsBetterJungleTemples-1.21.1-Fabric-3.1.2.jar
[13:18:45] [AutoModpackCreation-8/INFO]: generated content for /mods/YungsCaveBiomes-1.21.1-Fabric-3.1.1.jar
[13:18:45] [AutoModpackCreation-8/INFO]: generated content for /mods/XaeroZoomout-Fabric-1.21-2.0.0.jar
[13:18:45] [AutoModpackCreation-10/INFO]: generated content for /mods/YungsBetterDesertTemples-1.21.1-Fabric-4.1.5.jar
[13:18:45] [AutoModpackCreation-10/INFO]: generated content for /mods/ImmediatelyFast-Fabric-1.6.7+1.21.1.jar
[13:18:45] [AutoModpackCreation-4/INFO]: generated content for /mods/YungsCaveBiomes-1.21.1-Fabric-3.1.1 (1).jar
[13:18:45] [AutoModpackCreation-8/INFO]: generated content for /mods/YungsApi-1.21.1-Fabric-5.1.6.jar
[13:18:45] [AutoModpackCreation-4/INFO]: generated content for /mods/cobblemon-additions-4.0.1.jar
[13:18:45] [AutoModpackCreation-4/INFO]: generated content for /mods/sound-physics-remastered-fabric-1.21.1-1.4.10.jar
[13:18:45] [AutoModpackCreation-8/INFO]: generated content for /mods/DistantHorizons-2.3.6-b-1.21.1-fabric-neoforge.jar
[13:18:45] [AutoModpackCreation-8/INFO]: generated content for /mods/EasyAnvils-v21.1.0-1.21.1-Fabric.jar
[13:18:45] [AutoModpackCreation-6/INFO]: generated content for /mods/Cobblemon-fabric-1.7.0+1.21.1.jar
[13:18:45] [AutoModpackCreation-6/INFO]: generated content for /mods/TerraBlender-fabric-1.21.1-4.1.0.8.jar
[13:18:45] [AutoModpackCreation-6/INFO]: generated content for /mods/continuity-3.0.0+1.21.jar
[13:18:45] [AutoModpackCreation-6/INFO]: generated content for /mods/mega_showdown-fabric-1.2+1.7+1.21.1.jar
[13:18:45] [main/INFO]: Modpack generated! took 234ms
[13:18:45] [main/INFO]: AutoModpack launched! took 266ms
[13:18:45] [main/INFO]: Reflections took 31 ms to scan 1 urls, producing 0 keys and 0 values
[13:18:45] [main/INFO]: Reflections took 1 ms to scan 1 urls, producing 0 keys and 0 values
[13:18:45] [main/INFO]: Reflections took 5 ms to scan 1 urls, producing 1 keys and 2 values
[13:18:45] [main/INFO]: Reflections took 1 ms to scan 1 urls, producing 1 keys and 2 values
[13:18:45] [main/INFO]: Reflections took 1 ms to scan 1 urls, producing 1 keys and 3 values
[13:18:45] [main/INFO]: Reflections took 1 ms to scan 1 urls, producing 1 keys and 3 values
[13:18:45] [main/INFO]: Reflections took 2 ms to scan 1 urls, producing 1 keys and 1 values
[13:18:45] [main/INFO]: Reflections took 0 ms to scan 1 urls, producing 1 keys and 1 values
[13:18:45] [main/INFO]: Reflections took 1 ms to scan 1 urls, producing 1 keys and 3 values
[13:18:45] [main/INFO]: Reflections took 0 ms to scan 1 urls, producing 1 keys and 3 values
[13:18:45] [main/INFO]: Reflections took 1 ms to scan 1 urls, producing 1 keys and 2 values
[13:18:45] [main/INFO]: Reflections took 1 ms to scan 1 urls, producing 1 keys and 2 values
[13:18:45] [main/INFO]: Reflections took 0 ms to scan 1 urls, producing 1 keys and 1 values
[13:18:45] [main/INFO]: Reflections took 1 ms to scan 1 urls, producing 1 keys and 1 values
[13:18:45] [main/INFO]: Reflections took 1 ms to scan 1 urls, producing 1 keys and 3 values
[13:18:45] [main/INFO]: Reflections took 1 ms to scan 1 urls, producing 1 keys and 3 values
[13:18:45] [main/INFO]: Reflections took 0 ms to scan 1 urls, producing 1 keys and 1 values
[13:18:45] [main/INFO]: Reflections took 0 ms to scan 1 urls, producing 1 keys and 1 values
[13:18:45] [main/INFO]: Booting LaxPermissionValidator, permissions will be checked using Minecrafts permission level system, see https://minecraft.fandom.com/wiki/Permission_level
[13:18:45] [main/INFO]: Launching Cobblemon 1.7.0 
[13:18:45] [main/INFO]: Booting FabricPermissionValidator, permissions will be checked using fabric-permissions-api, see https://github.com/lucko/fabric-permissions-api
[13:18:46] [main/ERROR]: No data fixer registered for cobblemon:pokemon
[13:18:46] [main/ERROR]: No data fixer registered for cobblemon:empty_pokeball
[13:18:46] [main/ERROR]: No data fixer registered for cobblemon:boat
[13:18:46] [main/ERROR]: No data fixer registered for cobblemon:chest_boat
[13:18:46] [main/ERROR]: No data fixer registered for cobblemon:poke_bobber
[13:18:46] [main/ERROR]: No data fixer registered for cobblemon:generic_bedrock
[13:18:46] [main/ERROR]: No data fixer registered for cobblemon:npc
[13:18:46] [main/INFO]: Starting the Best Spawner...
[13:18:46] [main/INFO]: Loaded 7 spawning condition types.
[13:18:46] [main/INFO]: Loaded 6 spawnable position types.
[13:18:46] [main/INFO]: Loaded 3 spawn detail types.
[13:18:46] [Cobblemon Showdown/INFO]: Starting showdown service...
[13:18:46] [Cobblemon Showdown/INFO]: Loaded fallback file: ./showdown/data/moves.js
[13:18:46] [Cobblemon Showdown/INFO]: Loaded fallback file: ./showdown/sim/battle-actions.js
[13:18:46] [Cobblemon Showdown/INFO]: Loaded fallback file: ./showdown/sim/pokemons.js
[13:18:46] [Cobblemon Showdown/INFO]: Loaded fallback file: ./showdown/data/abilities.js
[13:18:46] [Cobblemon Showdown/INFO]: Loaded fallback file: ./showdown/sim/side.js
[13:18:46] [Cobblemon Showdown/INFO]: Loaded fallback file: ./showdown/data/conditions.js
[13:18:46] [Cobblemon Showdown/INFO]: Loaded fallback file: ./showdown/index.js
[13:18:46] [Cobblemon Showdown/INFO]: All files are ready!
[13:18:47] [Cobblemon Showdown/INFO]: Showdown has been started!
[13:18:47] [main/INFO]: Note: Cobblemon data registries are only loaded once per server instance as Pokémon species are not safe to reload.
[13:18:47] [main/INFO]: Registered the mega_showdown:showdown/conditions registry
[13:18:47] [main/INFO]: Registered the mega_showdown:showdown/held_items registry
[13:18:47] [main/INFO]: Registered the mega_showdown:showdown/typecharts registry
[13:18:47] [main/INFO]: Registered the mega_showdown:showdown/scripts registry
[13:18:47] [main/INFO]: Registered the cobblemon:molang registry
[13:18:47] [main/INFO]: Registered the cobblemon:species_features registry
[13:18:47] [main/INFO]: Registered the cobblemon:global_species_features registry
[13:18:47] [main/INFO]: Registered the cobblemon:species_feature_assignments registry
[13:18:47] [main/INFO]: Registered the cobblemon:action_effects registry
[13:18:47] [main/INFO]: Registered the cobblemon:moves registry
[13:18:47] [main/INFO]: Registered the cobblemon:abilities registry
[13:18:47] [main/INFO]: Registered the cobblemon:behaviours registry
[13:18:47] [main/INFO]: Registered the cobblemon:species registry
[13:18:47] [main/INFO]: Registered the cobblemon:species_additions registry
[13:18:47] [main/INFO]: Registered the cobblemon:pokeballs registry
[13:18:47] [main/INFO]: Registered the cobblemon:properties_tab_completion registry
[13:18:47] [main/INFO]: Registered the cobblemon:spawn_detail_presets registry
[13:18:47] [main/INFO]: Registered the cobblemon:spawn_rules registry
[13:18:47] [main/INFO]: Registered the cobblemon:mechanics registry
[13:18:47] [main/INFO]: Registered the cobblemon:bag_items registry
[13:18:47] [main/INFO]: Registered the cobblemon:held_items registry
[13:18:47] [main/INFO]: Registered the cobblemon:dialogues registry
[13:18:47] [main/INFO]: Registered the cobblemon:natural_materials registry
[13:18:47] [main/INFO]: Registered the cobblemon:fossils registry
[13:18:47] [main/INFO]: Registered the cobblemon:npc_preset registry
[13:18:47] [main/INFO]: Registered the cobblemon:npc registry
[13:18:47] [main/INFO]: Registered the cobblemon:dex_entries registry
[13:18:47] [main/INFO]: Registered the cobblemon:dex_entry_additions registry
[13:18:47] [main/INFO]: Registered the cobblemon:dexes registry
[13:18:47] [main/INFO]: Registered the cobblemon:dex_additions registry
[13:18:47] [main/INFO]: Registered the cobblemon:cosmetic_items registry
[13:18:47] [main/INFO]: Registered the cobblemon:callbacks registry
[13:18:47] [main/INFO]: Registered the cobblemon:unlockable_pc_box_wallpapers registry
[13:18:47] [main/INFO]: Registered the cobblemon:marks registry
[13:18:47] [main/INFO]: Registered the cobblemon:starters registry
[13:18:47] [main/INFO]: Registered the cobblemon:spawn_pool_world registry
[13:18:47] [main/INFO]: Registered the cobblemon:pokerods registry
[13:18:47] [main/INFO]: Registered the cobblemon:berries registry
[13:18:47] [main/INFO]: Registered the cobblemon:seasonings registry
[13:18:47] [main/INFO]: Registered the cobblemon:pokemon_interactions registry
[13:18:47] [main/INFO]: Registered the cobblemon:spawn_bait_effects registry
[13:18:47] [main/INFO]: Registered the cobblemon:ride_settings registry
[13:18:48] [main/WARN]: Resource root not found: ../build/resources/main/data
[13:18:48] [main/INFO]: Datagen: LootTableScanner disabled (set enableLootScan=true to enable).
[13:18:48] [main/INFO]: Mod compatibility check results: {cobblenav=false, sophisticatedbackpacks=true, waystones=false, cobbledollars=false, travelersbackpack=false}
[13:18:48] [main/INFO]: Cobblemon Additions mod initialized successfully.
[13:18:48] [main/INFO]: Constructing common components for diagonalblocks:main
[13:18:48] [main/INFO]: Constructing common components for diagonalfences:main
[13:18:48] [main/INFO]: Constructing shapes for DiagonalFenceBlock[NodeWidth=2.0,ExtensionWidth=2.0,NodeTop=24.0,ExtensionBottom=0.0,ExtensionTop=24.0] took 19ms
[13:18:48] [main/INFO]: Constructing shapes for DiagonalFenceBlock[NodeWidth=2.0,ExtensionWidth=2.0,NodeTop=16.0,ExtensionBottom=0.0,ExtensionTop=16.0] took 19ms
[13:18:48] [main/INFO]: Constructing shapes for DiagonalFenceBlock[NodeWidth=2.0,ExtensionWidth=1.0,NodeTop=16.0,ExtensionBottom=6.0,ExtensionTop=15.0] took 49ms
[13:18:48] [main/INFO]: Constructing common components for diagonalwalls:main
[13:18:48] [main/INFO]: Constructing shapes for DiagonalWallBlock[NodeWidth=0.0,ExtensionWidth=3.0,NodeTop=24.0,ExtensionBottom=0.0,ExtensionTop=24.0] took 12ms
[13:18:48] [main/INFO]: Constructing shapes for DiagonalWallBlock[NodeWidth=0.0,ExtensionWidth=3.0,NodeTop=0.0,ExtensionBottom=0.0,ExtensionTop=14.0] took 34ms
[13:18:48] [main/INFO]: Constructing shapes for DiagonalWallBlock[NodeWidth=4.0,ExtensionWidth=3.0,NodeTop=16.0,ExtensionBottom=0.0,ExtensionTop=14.0] took 41ms
[13:18:48] [main/INFO]: Constructing shapes for DiagonalWallBlock[NodeWidth=4.0,ExtensionWidth=3.0,NodeTop=24.0,ExtensionBottom=0.0,ExtensionTop=24.0] took 28ms
[13:18:48] [main/INFO]: Constructing common components for diagonalwindows:main
[13:18:48] [main/INFO]: Constructing shapes for DiagonalStainedGlassPaneBlock[NodeWidth=1.0,ExtensionWidth=1.0,NodeTop=16.0,ExtensionBottom=0.0,ExtensionTop=16.0] took 11ms
[13:18:48] [main/INFO]: Constructing common components for easyanvils:main
[13:18:48] [main/INFO]: Dispatching loading event for config easyanvils-common.toml
[13:18:48] [main/INFO]: Constructing common components for easymagic:main
[13:18:48] [main/INFO]: Dispatching loading event for config easymagic-common.toml
[13:18:48] [main/INFO]: Compression will use libdeflate (Linux x86_64), encryption will use OpenSSL 3.0.x (Linux x86_64)
[13:18:48] [main/INFO]: Constructing common components for leavesbegone:main
[13:18:48] [main/INFO]: Registering C2S receiver with id mega_showdown:mega_evo
[13:18:48] [main/INFO]: Registering C2S receiver with id mega_showdown:ultra_burst
[13:18:48] [main/INFO]: Registering C2S receiver with id mega_showdown:secret_sword_move_swap
[13:18:48] [main/INFO]: Loaded config moonlight-common.json
[13:18:48] [main/INFO]: it seems to react to redstone
[13:18:48] [main/INFO]: Constructing common components for puzzleslib:main
[13:18:48] [main/INFO]: Registering C2S receiver with id roughlyenoughitems:request_tags_c2s
[13:18:48] [main/INFO]: [REI] Registered plugin provider DefaultPlugin [roughlyenoughitems] for REIPlugin
[13:18:48] [main/INFO]: [REI] Registered plugin provider DefaultRuntimePlugin [roughlyenoughitems] for REIPlugin
[13:18:48] [main/INFO]: [REI] Registered plugin provider REIServerCompat [sophisticatedbackpacks] for REIPlugin
[13:18:48] [main/INFO]: [REI] Registered plugin provider REIServerCompat [sophisticatedcore] for REIPlugin
[13:18:48] [main/INFO]: [REI] Registered plugin provider REIServerCompat [sophisticatedstorage] for REIPlugin
[13:18:48] [main/INFO]: [REI] Registered plugin provider DefaultPlugin [roughlyenoughitems] for REIServerPlugin
[13:18:48] [main/INFO]: [REI] Registered plugin provider DefaultRuntimePlugin [roughlyenoughitems] for REIServerPlugin
[13:18:48] [main/INFO]: [REI] Registered plugin provider REIServerCompat [sophisticatedbackpacks] for REIServerPlugin
[13:18:48] [main/INFO]: [REI] Registered plugin provider REIServerCompat [sophisticatedcore] for REIServerPlugin
[13:18:48] [main/INFO]: [REI] Registered plugin provider REIServerCompat [sophisticatedstorage] for REIServerPlugin
[13:18:48] [main/INFO]: [REI] Registered plugin provider FabricFluidAPISupportPlugin for REIServerPlugin
[13:18:48] [main/INFO]: [REI] Registered plugin provider FabricFluidAPISupportPlugin for REIPlugin
[13:18:48] [main/INFO]: Registering C2S receiver with id roughlyenoughitems:delete_item
[13:18:48] [main/INFO]: Registering C2S receiver with id roughlyenoughitems:create_item
[13:18:48] [main/INFO]: Registering C2S receiver with id roughlyenoughitems:create_item_grab
[13:18:48] [main/INFO]: Registering C2S receiver with id roughlyenoughitems:create_item_hotbar
[13:18:48] [main/INFO]: Registering C2S receiver with id roughlyenoughitems:move_items
[13:18:48] [main/INFO]: Registering C2S receiver with id roughlyenoughitems:move_items_new
[13:18:48] [main/INFO]: Initializing Silk
[13:18:49] [main/ERROR]: No data fixer registered for 
[13:18:49] [main/INFO]: Constructing common components for stoneworks:main
[13:18:49] [main/INFO]: Dispatching loading event for config stoneworks-common.toml
[13:18:49] [main/INFO]: Registered region minecraft:overworld to index 0 for type OVERWORLD
[13:18:49] [main/INFO]: Registered region minecraft:nether to index 0 for type NETHER
[13:18:49] [main/INFO]: Registered region yungscavebiomes:overworld to index 1 for type OVERWORLD
[13:18:49] [main/INFO]: Constructing common components for tradingpost:main
[13:18:49] [main/INFO]: Veinminer Version: 2.4.2 (fabric)
[13:18:49] [main/INFO]: Veinminer-Enchantment Version: 2.5.0 (fabric)
[13:18:49] [main/INFO]: Constructing common components for visualworkbench:main
[13:18:49] [main/INFO]: Dispatching loading event for config visualworkbench-common.toml
[13:18:49] [main/INFO]: Reflections took 2 ms to scan 1 urls, producing 1 keys and 3 values
[13:18:49] [main/INFO]: Reflections took 2 ms to scan 1 urls, producing 1 keys and 3 values
[13:18:49] [main/INFO]: Reflections took 13 ms to scan 1 urls, producing 5 keys and 66 values
[13:18:49] [main/INFO]: Reflections took 13 ms to scan 1 urls, producing 5 keys and 66 values
[13:18:49] [main/INFO]: Initializing Distant Horizons server, firing DhApiBeforeDhInitEvent event...
[13:18:50] [main/INFO]: Distant Horizons, Version: 2.3.6-b
[13:18:50] [main/INFO]: Registering Fabric Server Events
[13:18:50] [main/INFO]: Distant Horizons server Initialized, adding event subscribers...
[13:18:50] [main/INFO]: Krypton is now accelerating your Minecraft server's networking stack 🚀
[13:18:50] [main/INFO]: Initialized block sets in 13ms
[13:18:50] [main/INFO]: Initialized color sets in 19ms
[13:18:50] [main/INFO]: Loading Xaero's Minimap - Stage 1/2 (Server)
[13:18:50] [DefaultDispatcher-worker-3/INFO]: [STDOUT]: [VeinminerUpdater] veinminer is up to date
[13:18:50] [main/INFO]: Loading Xaero's World Map - Stage 1/2 (Server)
[13:18:50] [main/ERROR]: Registry 'moonlight:world_saved_data_type' was empty after loading
[13:18:50] [main/ERROR]: Registry 'moonlight:custom_map_data_types' was empty after loading
[13:18:50] [main/INFO]: Environment: Environment[sessionHost=https://sessionserver.mojang.com, servicesHost=https://api.minecraftservices.com, name=PROD]
[13:18:51] [Worker-Main-3/ERROR]: Couldn't parse element minecraft:loot_table/bca:general/kitchen - Unknown registry key in ResourceKey[minecraft:root / minecraft:item]: cobblemon:braised_vivichoke
[13:18:52] [Worker-Main-14/ERROR]: Couldn't load tag cobblemon:recipe_filters/colour_seasoning as it is missing following references: #cobblemon:recipe_filters/poke_puff_seasoner (from cobblemon)
[13:18:52] [main/INFO]: Loaded 3147 recipes
[13:18:52] [main/INFO]: Loaded 3315 advancements
[13:18:52] [main/INFO]: Loaded 10 server scripts and 1 client scripts
[13:18:54] [main/INFO]: Loaded 936 moves
[13:18:54] [main/INFO]: Loaded 314 abilities
[13:18:54] [main/INFO]: Loaded 47 entity behaviours
[13:18:55] [main/INFO]: Finished additions
[13:18:55] [cobblemon Datafixer Bootstrap/INFO]: 4 Datafixer optimizations took 27 milliseconds
[13:18:56] [main/INFO]: Loaded 1025 Pokémon species
[13:18:56] [main/INFO]: Loaded 27 spawn detail presets.
[13:18:56] [main/INFO]: Starting dummy Showdown battle to force it to pre-load data.
[13:18:56] [main/INFO]: Imported 266 held item IDs from showdown
[13:18:56] [main/INFO]: Loaded 15 fossils
[13:18:56] [main/ERROR]: Invalid path in mod resource-pack cobblemon: cobblemon:dex_entry_additions/README.md, ignoring
[13:18:56] [main/ERROR]: Invalid path in mod resource-pack cobblemon: cobblemon:dex_additions/README.md, ignoring
[13:18:56] [main/INFO]: Loaded 6 callbacks and 0 client callbacks
[13:18:56] [main/INFO]: Loaded 168 marks
[13:18:57] [main/INFO]: Loaded 70 berries
[13:18:57] [main/INFO]: Loaded 137 Pokémon interaction sets
[13:18:57] [main/INFO]: [REI] @@@@@@@@@@@@@@@@@@@@@@@@@@@@@@@@@@@@@@@@
[13:18:57] [main/INFO]: [REI] REIPlugin starting main-reload for START.
[13:18:57] [main/INFO]: [REI] Plugins (6):
[13:18:57] [main/INFO]: [REI]  - (-100.00) DefaultPlugin of DefaultPlugin [roughlyenoughitems]
[13:18:57] [main/INFO]: [REI]  - (0.00) FabricFluidAPISupportPlugin
[13:18:57] [main/INFO]: [REI]  - (0.00) REIServerCompat of REIServerCompat [sophisticatedstorage]
[13:18:57] [main/INFO]: [REI]  - (0.00) REIServerCompat of REIServerCompat [sophisticatedcore]
[13:18:57] [main/INFO]: [REI]  - (0.00) REIServerCompat of REIServerCompat [sophisticatedbackpacks]
[13:18:57] [main/INFO]: [REI]  - (0.00) DefaultRuntimePlugin of DefaultRuntimePlugin [roughlyenoughitems]
[13:18:57] [main/INFO]: [REI] @@@@@@@@@@@@@@@@@@@@@@@@@@@@@@@@@@@@@@@@
[13:18:57] [main/INFO]: [REI] %%%%%%%%%%%%%%%%%%%%%%%%%%%%%%%%%%%%%%%%
[13:18:57] [main/INFO]: [REI] REIServerPlugin starting main-reload for START.
[13:18:57] [main/INFO]: [REI] Plugins (6):
[13:18:57] [main/INFO]: [REI]  - (-100.00) DefaultPlugin of DefaultPlugin [roughlyenoughitems]
[13:18:57] [main/INFO]: [REI]  - (0.00) FabricFluidAPISupportPlugin
[13:18:57] [main/INFO]: [REI]  - (0.00) REIServerCompat of REIServerCompat [sophisticatedstorage]
[13:18:57] [main/INFO]: [REI]  - (0.00) REIServerCompat of REIServerCompat [sophisticatedcore]
[13:18:57] [main/INFO]: [REI]  - (0.00) REIServerCompat of REIServerCompat [sophisticatedbackpacks]
[13:18:57] [main/INFO]: [REI]  - (0.00) DefaultRuntimePlugin of DefaultRuntimePlugin [roughlyenoughitems]
[13:18:57] [main/INFO]: [REI] %%%%%%%%%%%%%%%%%%%%%%%%%%%%%%%%%%%%%%%%
[13:18:57] [main/INFO]: [REI] REIPlugin finished post-reload for START in 1.110 ms, totaling 26.62 ms.
[13:18:57] [main/INFO]: [REI] REIServerPlugin finished post-reload for START in 452.6 μs, totaling 3.633 ms.
[13:18:57] [main/INFO]: [REI] ----------------------------------------
[13:18:57] [main/INFO]: [REI] REIPlugin starting main-reload for END.
[13:18:57] [main/INFO]: [REI] Plugins (6):
[13:18:57] [main/INFO]: [REI]  - (-100.00) DefaultPlugin of DefaultPlugin [roughlyenoughitems]
[13:18:57] [main/INFO]: [REI]  - (0.00) FabricFluidAPISupportPlugin
[13:18:57] [main/INFO]: [REI]  - (0.00) REIServerCompat of REIServerCompat [sophisticatedstorage]
[13:18:57] [main/INFO]: [REI]  - (0.00) REIServerCompat of REIServerCompat [sophisticatedcore]
[13:18:57] [main/INFO]: [REI]  - (0.00) REIServerCompat of REIServerCompat [sophisticatedbackpacks]
[13:18:57] [main/INFO]: [REI]  - (0.00) DefaultRuntimePlugin of DefaultRuntimePlugin [roughlyenoughitems]
[13:18:57] [main/INFO]: [REI] ----------------------------------------
[13:18:57] [main/INFO]: [REI] ----------------------------------------
[13:18:57] [main/INFO]: [REI] REIServerPlugin starting main-reload for END.
[13:18:57] [main/INFO]: [REI] Plugins (6):
[13:18:57] [main/INFO]: [REI]  - (-100.00) DefaultPlugin of DefaultPlugin [roughlyenoughitems]
[13:18:57] [main/INFO]: [REI]  - (0.00) FabricFluidAPISupportPlugin
[13:18:57] [main/INFO]: [REI]  - (0.00) REIServerCompat of REIServerCompat [sophisticatedstorage]
[13:18:57] [main/INFO]: [REI]  - (0.00) REIServerCompat of REIServerCompat [sophisticatedcore]
[13:18:57] [main/INFO]: [REI]  - (0.00) REIServerCompat of REIServerCompat [sophisticatedbackpacks]
[13:18:57] [main/INFO]: [REI]  - (0.00) DefaultRuntimePlugin of DefaultRuntimePlugin [roughlyenoughitems]
[13:18:57] [main/INFO]: [REI] ----------------------------------------
[13:18:57] [main/INFO]: [REI] REIPlugin finished post-reload for END in 856.0 μs, totaling 19.92 ms.
[13:18:57] [main/INFO]: [REI] REIServerPlugin finished post-reload for END in 707.2 μs, totaling 5.352 ms.
[13:18:57] [main/WARN]: Not all defined tags for registry ResourceKey[minecraft:root / minecraft:item] are present in data pack: cobblemon:mint_leaf, mega_showdown:rotom_appliances
[13:18:57] [main/WARN]: Initial datapack load took 7.349 s
[13:18:58] [main/INFO]: Initialized TerraBlender biomes for level stem minecraft:overworld
[13:18:58] [main/INFO]: Initialized TerraBlender biomes for level stem minecraft:the_nether
[13:18:58] [main/INFO]: Applied 2614 biome modifications to 165 of 165 new biomes in 33.94 ms
[13:18:58] [Server thread/INFO]: Initialized mcCoroutineScope (MinecraftServer as executor)
[13:18:58] [Server thread/INFO]: Dispatching loading event for config easyanvils-server.toml
[13:18:58] [Server thread/INFO]: Dispatching loading event for config easymagic-server.toml
[13:18:58] [Server thread/INFO]: Dispatching loading event for config leavesbegone-server.toml
[13:18:58] [Server thread/INFO]: Dispatching loading event for config tradingpost-server.toml
[13:18:58] [Server thread/INFO]: Initialising config for [DistantHorizons]
[13:18:58] [Server thread/INFO]: [DistantHorizons] Config initialised
[13:18:58] [Server thread/INFO]: Running Delayed setup...
[13:18:58] [Server thread/INFO]: Delayed setup complete, firing DhApiAfterDhInitEvent event...
[13:18:58] [Server thread/INFO]: Checking for Distant Horizons update
[13:18:58] [Server thread/INFO]: Distant Horizons already up to date.
[13:18:58] [Server thread/INFO]: Distant Horizons server Initialized at 
[13:18:58] [Server thread/INFO]: Started [DhServerWorld] of type [SERVER_ONLY].
[13:18:58] [Server thread/INFO]: Starting minecraft server version 1.21.1
[13:18:58] [Server thread/INFO]: Loading properties
[13:18:58] [Server thread/INFO]: Default game type: SURVIVAL
[13:18:58] [Server thread/INFO]: Generating keypair
[13:18:58] [Server thread/INFO]: Starting Minecraft server on *:25565
[13:18:58] [Server thread/INFO]: Using epoll channel type
[13:18:58] [Server thread/INFO]: Preparing level "world"
[13:18:58] [DH-Full Data Migration Thread[0]/INFO]: Attempting to migrate data sources for: [minecraft:overworld]-[./world/data]...
[13:18:58] [DH-Full Data Migration Thread[0]/INFO]: Found [0] data sources that need migration.
[13:18:58] [Server thread/INFO]: Started DhServerLevel for [Wrapped{ServerLevel[world]@minecraft:overworld}] at [[LocalSaveStructure@(./world/data)]].
[13:18:58] [DH-Full Data Migration Thread[0]/INFO]: No migration necessary.
[13:18:58] [DH-Full Data Migration Thread[0]/INFO]: Attempting to migrate data sources for: [minecraft:the_end]-[./world/DIM1/data]...
[13:18:58] [DH-Full Data Migration Thread[0]/INFO]: Found [0] data sources that need migration.
[13:18:58] [DH-Full Data Migration Thread[0]/INFO]: No migration necessary.
[13:18:58] [Server thread/INFO]: Started DhServerLevel for [Wrapped{ServerLevel[world]@minecraft:the_end}] at [[LocalSaveStructure@(./world/data;./world/DIM1/data)]].
[13:18:58] [DH-Full Data Migration Thread[0]/INFO]: Attempting to migrate data sources for: [minecraft:the_nether]-[./world/DIM-1/data]...
[13:18:58] [DH-Full Data Migration Thread[0]/INFO]: Found [0] data sources that need migration.
[13:18:58] [DH-Full Data Migration Thread[0]/INFO]: No migration necessary.
[13:18:58] [Server thread/INFO]: Started DhServerLevel for [Wrapped{ServerLevel[world]@minecraft:the_nether}] at [[LocalSaveStructure@(./world/data;./world/DIM-1/data;./world/DIM1/data)]].
[13:18:58] [Server thread/INFO]: Preparing start region for dimension minecraft:overworld
[13:18:58] [Server thread/WARN]: Method overwrite conflict for removeIf in modernfix-common.mixins.json:bugfix.paper_chunk_patches.SortedArraySetMixin from mod modernfix, previously written by net.caffeinemc.mods.lithium.mixin.collections.chunk_tickets.SortedArraySetMixin. Skipping method.
[13:18:59] [Worker-Main-12/INFO]: Preparing spawn area: 0%
[13:18:59] [Worker-Main-12/INFO]: Preparing spawn area: 0%
[13:18:59] [Server thread/INFO]: Time elapsed: 1036 ms
[13:18:59] [Server thread/INFO]: Done (1.461s)! For help, type "help"
[13:19:00] [Server thread/WARN]: Certificate fingerprint: 4675556bd44956a03ffbccbb3cf5862dba00818b145eee9a848a9b8f1eca427a
[13:19:00] [Server thread/INFO]: Hosting modpack on Minecraft port
[13:19:00] [Server thread/WARN]: Dedicated server took 21.977 seconds to load
[13:19:00] [Server thread/ERROR]: Couldn't load server icon
java.lang.NullPointerException: Cannot invoke "java.awt.image.BufferedImage.getWidth()" because "$$1" is null
	at knot/net.minecraft.server.MinecraftServer.method_49387(MinecraftServer.java:874) ~[server-intermediary.jar:?]
	at java.base/java.util.Optional.flatMap(Optional.java:289) ~[?:?]
	at knot/net.minecraft.server.MinecraftServer.method_49384(MinecraftServer.java:871) ~[server-intermediary.jar:?]
	at knot/net.minecraft.server.MinecraftServer.method_29741(MinecraftServer.java:667) ~[server-intermediary.jar:?]
	at knot/net.minecraft.server.MinecraftServer.method_29739(MinecraftServer.java:281) ~[server-intermediary.jar:?]
	at java.base/java.lang.Thread.run(Thread.java:1583) [?:?]
[13:19:00] [Server thread/INFO]: Optimizing spawn pools...
[13:19:00] [Server thread/INFO]: Loading Xaero's Minimap - Stage 2/2 (Server)
[13:19:00] [Server thread/INFO]: Loading Xaero's World Map - Stage 2/2 (Server)
[13:19:00] [Server thread/INFO]: DH TerraFirmaCraft detection: false
[13:19:00] [Server thread/INFO]: ================WORLD_GEN_STEP_INITING=============
[13:19:00] [Server thread/INFO]: Batch Chunk Generator initialized
[13:19:00] [Server thread/INFO]: Creating world gen queue
[13:19:00] [Server thread/INFO]: Created world gen queue
[13:19:00] [Server thread/INFO]: Set world gen queue for level [minecraft:overworld].
[13:19:00] [Server thread/INFO]: ================WORLD_GEN_STEP_INITING=============
[13:19:00] [Server thread/INFO]: Batch Chunk Generator initialized
[13:19:00] [Server thread/INFO]: Creating world gen queue
[13:19:00] [Server thread/INFO]: Created world gen queue
[13:19:00] [Server thread/INFO]: Set world gen queue for level [minecraft:the_nether].
[13:19:00] [Server thread/INFO]: ================WORLD_GEN_STEP_INITING=============
[13:19:00] [Server thread/INFO]: Batch Chunk Generator initialized
[13:19:00] [Server thread/INFO]: Creating world gen queue
[13:19:00] [Server thread/INFO]: Created world gen queue
[13:19:00] [Server thread/INFO]: Set world gen queue for level [minecraft:the_end].
[13:19:00] [Server thread/INFO]: [STDOUT]: Lithium Cached BlockState Flags are disabled!
